14:51:21 **** Incremental Build of configuration Debug for project Autonomous_Cart ****
make -j16 all 
arm-none-eabi-gcc "../Core/Src/main.c" -mcpu=cortex-m4 -std=gnu11 -g3 -DDEBUG -DUSE_HAL_DRIVER -DSTM32G474xx -c -I../Core/Inc -I../Drivers/STM32G4xx_HAL_Driver/Inc -I../Drivers/STM32G4xx_HAL_Driver/Inc/Legacy -I../Drivers/CMSIS/Device/ST/STM32G4xx/Include -I../Drivers/CMSIS/Include -O0 -ffunction-sections -fdata-sections -Wall -fstack-usage -fcyclomatic-complexity -MMD -MP -MF"Core/Src/main.d" -MT"Core/Src/main.o" --specs=nano.specs -mfpu=fpv4-sp-d16 -mfloat-abi=hard -mthumb -o "Core/Src/main.o"
In file included from ../Core/Src/main.c:26:
../Core/Inc/ComSystem.h:52:1: warning: parameter names (without types) in function declaration
   52 | void vComSystemInit(pTelemetryData,pStateEstimate,pMotorCommands);
      | ^~~~
arm-none-eabi-gcc -o "Autonomous_Cart.elf" @"objects.list"   -mcpu=cortex-m4 -T"C:\Users\njsne\OneDrive\Documentos\ES070\Autonomous-Cart\FIRMWARE\Autonomous_Cart\STM32G474RETX_FLASH.ld" --specs=nosys.specs -Wl,-Map="Autonomous_Cart.map" -Wl,--gc-sections -static --specs=nano.specs -mfpu=fpv4-sp-d16 -mfloat-abi=hard -mthumb -Wl,--start-group -lc -lm -Wl,--end-group
C:/ST/STM32CubeIDE_1.16.0/STM32CubeIDE/plugins/com.st.stm32cube.ide.mcu.externaltools.gnu-tools-for-stm32.12.3.rel1.win32_1.0.200.202406191623/tools/bin/../lib/gcc/arm-none-eabi/12.3.1/../../../../arm-none-eabi/bin/ld.exe: warning: Autonomous_Cart.elf has a LOAD segment with RWX permissions
Finished building target: Autonomous_Cart.elf
 
arm-none-eabi-size  Autonomous_Cart.elf 
arm-none-eabi-objdump -h -S Autonomous_Cart.elf  > "Autonomous_Cart.list"
   text	   data	    bss	    dec	    hex	filename
  27512	     20	   3020	  30552	   7758	Autonomous_Cart.elf
Finished building: default.size.stdout
 
Finished building: Autonomous_Cart.list
 
14:51:30 **** Incremental Build of configuration Debug for project Autonomous_Cart ****
make -j16 all 
arm-none-eabi-size  Autonomous_Cart.elf 
   text	   data	    bss	    dec	    hex	filename
  27512	     20	   3020	  30552	   7758	Autonomous_Cart.elf
Finished building: default.size.stdout
 
14:52:18 **** Incremental Build of configuration Debug for project Autonomous_Cart ****
make -j16 all 
arm-none-eabi-gcc "../Core/Src/main.c" -mcpu=cortex-m4 -std=gnu11 -g3 -DDEBUG -DUSE_HAL_DRIVER -DSTM32G474xx -c -I../Core/Inc -I../Drivers/STM32G4xx_HAL_Driver/Inc -I../Drivers/STM32G4xx_HAL_Driver/Inc/Legacy -I../Drivers/CMSIS/Device/ST/STM32G4xx/Include -I../Drivers/CMSIS/Include -O0 -ffunction-sections -fdata-sections -Wall -fstack-usage -fcyclomatic-complexity -MMD -MP -MF"Core/Src/main.d" -MT"Core/Src/main.o" --specs=nano.specs -mfpu=fpv4-sp-d16 -mfloat-abi=hard -mthumb -o "Core/Src/main.o"
In file included from ../Core/Src/main.c:26:
../Core/Inc/ComSystem.h:52:1: warning: parameter names (without types) in function declaration
   52 | void vComSystemInit(pTelemetryData,pStateEstimate,pMotorCommands);
      | ^~~~
arm-none-eabi-gcc -o "Autonomous_Cart.elf" @"objects.list"   -mcpu=cortex-m4 -T"C:\Users\njsne\OneDrive\Documentos\ES070\Autonomous-Cart\FIRMWARE\Autonomous_Cart\STM32G474RETX_FLASH.ld" --specs=nosys.specs -Wl,-Map="Autonomous_Cart.map" -Wl,--gc-sections -static --specs=nano.specs -mfpu=fpv4-sp-d16 -mfloat-abi=hard -mthumb -Wl,--start-group -lc -lm -Wl,--end-group
C:/ST/STM32CubeIDE_1.16.0/STM32CubeIDE/plugins/com.st.stm32cube.ide.mcu.externaltools.gnu-tools-for-stm32.12.3.rel1.win32_1.0.200.202406191623/tools/bin/../lib/gcc/arm-none-eabi/12.3.1/../../../../arm-none-eabi/bin/ld.exe: warning: Autonomous_Cart.elf has a LOAD segment with RWX permissions
Finished building target: Autonomous_Cart.elf
 
arm-none-eabi-size  Autonomous_Cart.elf 
arm-none-eabi-objdump -h -S Autonomous_Cart.elf  > "Autonomous_Cart.list"
   text	   data	    bss	    dec	    hex	filename
  27696	     20	   3020	  30736	   7810	Autonomous_Cart.elf
Finished building: default.size.stdout
 
Finished building: Autonomous_Cart.list
 
14:54:40 **** Incremental Build of configuration Debug for project Autonomous_Cart ****
make -j16 all 
arm-none-eabi-gcc "../Core/Src/adc.c" -mcpu=cortex-m4 -std=gnu11 -g3 -DDEBUG -DUSE_HAL_DRIVER -DSTM32G474xx -c -I../Core/Inc -I../Drivers/STM32G4xx_HAL_Driver/Inc -I../Drivers/STM32G4xx_HAL_Driver/Inc/Legacy -I../Drivers/CMSIS/Device/ST/STM32G4xx/Include -I../Drivers/CMSIS/Include -O0 -ffunction-sections -fdata-sections -Wall -fstack-usage -fcyclomatic-complexity -MMD -MP -MF"Core/Src/adc.d" -MT"Core/Src/adc.o" --specs=nano.specs -mfpu=fpv4-sp-d16 -mfloat-abi=hard -mthumb -o "Core/Src/adc.o"
arm-none-eabi-gcc -o "Autonomous_Cart.elf" @"objects.list"   -mcpu=cortex-m4 -T"C:\Users\njsne\OneDrive\Documentos\ES070\Autonomous-Cart\FIRMWARE\Autonomous_Cart\STM32G474RETX_FLASH.ld" --specs=nosys.specs -Wl,-Map="Autonomous_Cart.map" -Wl,--gc-sections -static --specs=nano.specs -mfpu=fpv4-sp-d16 -mfloat-abi=hard -mthumb -Wl,--start-group -lc -lm -Wl,--end-group
C:/ST/STM32CubeIDE_1.16.0/STM32CubeIDE/plugins/com.st.stm32cube.ide.mcu.externaltools.gnu-tools-for-stm32.12.3.rel1.win32_1.0.200.202406191623/tools/bin/../lib/gcc/arm-none-eabi/12.3.1/../../../../arm-none-eabi/bin/ld.exe: warning: Autonomous_Cart.elf has a LOAD segment with RWX permissions
Finished building target: Autonomous_Cart.elf
 
arm-none-eabi-size  Autonomous_Cart.elf 
arm-none-eabi-objdump -h -S Autonomous_Cart.elf  > "Autonomous_Cart.list"
   text	   data	    bss	    dec	    hex	filename
  27696	     20	   3020	  30736	   7810	Autonomous_Cart.elf
Finished building: default.size.stdout
 
Finished building: Autonomous_Cart.list
 
14:54:44 **** Incremental Build of configuration Debug for project Autonomous_Cart ****
make -j16 all 
arm-none-eabi-size  Autonomous_Cart.elf 
   text	   data	    bss	    dec	    hex	filename
  27696	     20	   3020	  30736	   7810	Autonomous_Cart.elf
Finished building: default.size.stdout
 
14:57:08 **** Incremental Build of configuration Debug for project Autonomous_Cart ****
make -j16 all 
arm-none-eabi-gcc "../Core/Src/adc.c" -mcpu=cortex-m4 -std=gnu11 -g3 -DDEBUG -DUSE_HAL_DRIVER -DSTM32G474xx -c -I../Core/Inc -I../Drivers/STM32G4xx_HAL_Driver/Inc -I../Drivers/STM32G4xx_HAL_Driver/Inc/Legacy -I../Drivers/CMSIS/Device/ST/STM32G4xx/Include -I../Drivers/CMSIS/Include -O0 -ffunction-sections -fdata-sections -Wall -fstack-usage -fcyclomatic-complexity -MMD -MP -MF"Core/Src/adc.d" -MT"Core/Src/adc.o" --specs=nano.specs -mfpu=fpv4-sp-d16 -mfloat-abi=hard -mthumb -o "Core/Src/adc.o"
arm-none-eabi-gcc -o "Autonomous_Cart.elf" @"objects.list"   -mcpu=cortex-m4 -T"C:\Users\njsne\OneDrive\Documentos\ES070\Autonomous-Cart\FIRMWARE\Autonomous_Cart\STM32G474RETX_FLASH.ld" --specs=nosys.specs -Wl,-Map="Autonomous_Cart.map" -Wl,--gc-sections -static --specs=nano.specs -mfpu=fpv4-sp-d16 -mfloat-abi=hard -mthumb -Wl,--start-group -lc -lm -Wl,--end-group
C:/ST/STM32CubeIDE_1.16.0/STM32CubeIDE/plugins/com.st.stm32cube.ide.mcu.externaltools.gnu-tools-for-stm32.12.3.rel1.win32_1.0.200.202406191623/tools/bin/../lib/gcc/arm-none-eabi/12.3.1/../../../../arm-none-eabi/bin/ld.exe: warning: Autonomous_Cart.elf has a LOAD segment with RWX permissions
Finished building target: Autonomous_Cart.elf
 
arm-none-eabi-size  Autonomous_Cart.elf 
arm-none-eabi-objdump -h -S Autonomous_Cart.elf  > "Autonomous_Cart.list"
   text	   data	    bss	    dec	    hex	filename
  27696	     20	   3020	  30736	   7810	Autonomous_Cart.elf
Finished building: default.size.stdout
 
Finished building: Autonomous_Cart.list
 
14:57:53 **** Incremental Build of configuration Debug for project Autonomous_Cart ****
make -j16 all 
arm-none-eabi-gcc "../Core/Src/main.c" -mcpu=cortex-m4 -std=gnu11 -g3 -DDEBUG -DUSE_HAL_DRIVER -DSTM32G474xx -c -I../Core/Inc -I../Drivers/STM32G4xx_HAL_Driver/Inc -I../Drivers/STM32G4xx_HAL_Driver/Inc/Legacy -I../Drivers/CMSIS/Device/ST/STM32G4xx/Include -I../Drivers/CMSIS/Include -O0 -ffunction-sections -fdata-sections -Wall -fstack-usage -fcyclomatic-complexity -MMD -MP -MF"Core/Src/main.d" -MT"Core/Src/main.o" --specs=nano.specs -mfpu=fpv4-sp-d16 -mfloat-abi=hard -mthumb -o "Core/Src/main.o"
In file included from ../Core/Src/main.c:26:
../Core/Inc/ComSystem.h:52:1: warning: parameter names (without types) in function declaration
   52 | void vComSystemInit(pTelemetryData,pStateEstimate,pMotorCommands);
      | ^~~~
arm-none-eabi-gcc -o "Autonomous_Cart.elf" @"objects.list"   -mcpu=cortex-m4 -T"C:\Users\njsne\OneDrive\Documentos\ES070\Autonomous-Cart\FIRMWARE\Autonomous_Cart\STM32G474RETX_FLASH.ld" --specs=nosys.specs -Wl,-Map="Autonomous_Cart.map" -Wl,--gc-sections -static --specs=nano.specs -mfpu=fpv4-sp-d16 -mfloat-abi=hard -mthumb -Wl,--start-group -lc -lm -Wl,--end-group
C:/ST/STM32CubeIDE_1.16.0/STM32CubeIDE/plugins/com.st.stm32cube.ide.mcu.externaltools.gnu-tools-for-stm32.12.3.rel1.win32_1.0.200.202406191623/tools/bin/../lib/gcc/arm-none-eabi/12.3.1/../../../../arm-none-eabi/bin/ld.exe: warning: Autonomous_Cart.elf has a LOAD segment with RWX permissions
Finished building target: Autonomous_Cart.elf
 
arm-none-eabi-size  Autonomous_Cart.elf 
arm-none-eabi-objdump -h -S Autonomous_Cart.elf  > "Autonomous_Cart.list"
   text	   data	    bss	    dec	    hex	filename
  27700	     20	   3020	  30740	   7814	Autonomous_Cart.elf
Finished building: default.size.stdout
 
Finished building: Autonomous_Cart.list
 
14:59:22 **** Incremental Build of configuration Debug for project Autonomous_Cart ****
make -j16 all 
arm-none-eabi-gcc "../Core/Src/main.c" -mcpu=cortex-m4 -std=gnu11 -g3 -DDEBUG -DUSE_HAL_DRIVER -DSTM32G474xx -c -I../Core/Inc -I../Drivers/STM32G4xx_HAL_Driver/Inc -I../Drivers/STM32G4xx_HAL_Driver/Inc/Legacy -I../Drivers/CMSIS/Device/ST/STM32G4xx/Include -I../Drivers/CMSIS/Include -O0 -ffunction-sections -fdata-sections -Wall -fstack-usage -fcyclomatic-complexity -MMD -MP -MF"Core/Src/main.d" -MT"Core/Src/main.o" --specs=nano.specs -mfpu=fpv4-sp-d16 -mfloat-abi=hard -mthumb -o "Core/Src/main.o"
In file included from ../Core/Src/main.c:26:
../Core/Inc/ComSystem.h:52:1: warning: parameter names (without types) in function declaration
   52 | void vComSystemInit(pTelemetryData,pStateEstimate,pMotorCommands);
      | ^~~~
../Core/Src/main.c: In function 'main':
../Core/Src/main.c:96:3: warning: implicit declaration of function 'MX_I2C1_Init'; did you mean 'MX_ADC1_Init'? [-Wimplicit-function-declaration]
   96 |   MX_I2C1_Init();
      |   ^~~~~~~~~~~~
      |   MX_ADC1_Init
arm-none-eabi-gcc -o "Autonomous_Cart.elf" @"objects.list"   -mcpu=cortex-m4 -T"C:\Users\njsne\OneDrive\Documentos\ES070\Autonomous-Cart\FIRMWARE\Autonomous_Cart\STM32G474RETX_FLASH.ld" --specs=nosys.specs -Wl,-Map="Autonomous_Cart.map" -Wl,--gc-sections -static --specs=nano.specs -mfpu=fpv4-sp-d16 -mfloat-abi=hard -mthumb -Wl,--start-group -lc -lm -Wl,--end-group
C:/ST/STM32CubeIDE_1.16.0/STM32CubeIDE/plugins/com.st.stm32cube.ide.mcu.externaltools.gnu-tools-for-stm32.12.3.rel1.win32_1.0.200.202406191623/tools/bin/../lib/gcc/arm-none-eabi/12.3.1/../../../../arm-none-eabi/bin/ld.exe: warning: Autonomous_Cart.elf has a LOAD segment with RWX permissions
C:/ST/STM32CubeIDE_1.16.0/STM32CubeIDE/plugins/com.st.stm32cube.ide.mcu.externaltools.gnu-tools-for-stm32.12.3.rel1.win32_1.0.200.202406191623/tools/bin/../lib/gcc/arm-none-eabi/12.3.1/../../../../arm-none-eabi/bin/ld.exe: ./Core/Src/main.o: in function `main':
C:/Users/njsne/OneDrive/Documentos/ES070/Autonomous-Cart/FIRMWARE/Autonomous_Cart/Debug/../Core/Src/main.c:96: undefined reference to `MX_I2C1_Init'
collect2.exe: error: ld returned 1 exit status
make: *** [makefile:64: Autonomous_Cart.elf] Error 1
"make -j16 all" terminated with exit code 2. Build might be incomplete.
14:59:47 **** Incremental Build of configuration Debug for project Autonomous_Cart ****
make -j16 all 
arm-none-eabi-gcc "../Core/Src/main.c" -mcpu=cortex-m4 -std=gnu11 -g3 -DDEBUG -DUSE_HAL_DRIVER -DSTM32G474xx -c -I../Core/Inc -I../Drivers/STM32G4xx_HAL_Driver/Inc -I../Drivers/STM32G4xx_HAL_Driver/Inc/Legacy -I../Drivers/CMSIS/Device/ST/STM32G4xx/Include -I../Drivers/CMSIS/Include -O0 -ffunction-sections -fdata-sections -Wall -fstack-usage -fcyclomatic-complexity -MMD -MP -MF"Core/Src/main.d" -MT"Core/Src/main.o" --specs=nano.specs -mfpu=fpv4-sp-d16 -mfloat-abi=hard -mthumb -o "Core/Src/main.o"
../Core/Src/main.c:22:10: fatal error: 12c.c: No such file or directory
   22 | #include "12c.c"
      |          ^~~~~~~
compilation terminated.
make: *** [Core/Src/subdir.mk:64: Core/Src/main.o] Error 1
"make -j16 all" terminated with exit code 2. Build might be incomplete.
14:59:54 **** Incremental Build of configuration Debug for project Autonomous_Cart ****
make -j16 all 
arm-none-eabi-gcc "../Core/Src/main.c" -mcpu=cortex-m4 -std=gnu11 -g3 -DDEBUG -DUSE_HAL_DRIVER -DSTM32G474xx -c -I../Core/Inc -I../Drivers/STM32G4xx_HAL_Driver/Inc -I../Drivers/STM32G4xx_HAL_Driver/Inc/Legacy -I../Drivers/CMSIS/Device/ST/STM32G4xx/Include -I../Drivers/CMSIS/Include -O0 -ffunction-sections -fdata-sections -Wall -fstack-usage -fcyclomatic-complexity -MMD -MP -MF"Core/Src/main.d" -MT"Core/Src/main.o" --specs=nano.specs -mfpu=fpv4-sp-d16 -mfloat-abi=hard -mthumb -o "Core/Src/main.o"
../Core/Src/main.c:22:10: fatal error: 12c.h: No such file or directory
   22 | #include "12c.h"
      |          ^~~~~~~
compilation terminated.
make: *** [Core/Src/subdir.mk:64: Core/Src/main.o] Error 1
"make -j16 all" terminated with exit code 2. Build might be incomplete.
15:00:07 **** Incremental Build of configuration Debug for project Autonomous_Cart ****
make -j16 all 
arm-none-eabi-gcc "../Core/Src/main.c" -mcpu=cortex-m4 -std=gnu11 -g3 -DDEBUG -DUSE_HAL_DRIVER -DSTM32G474xx -c -I../Core/Inc -I../Drivers/STM32G4xx_HAL_Driver/Inc -I../Drivers/STM32G4xx_HAL_Driver/Inc/Legacy -I../Drivers/CMSIS/Device/ST/STM32G4xx/Include -I../Drivers/CMSIS/Include -O0 -ffunction-sections -fdata-sections -Wall -fstack-usage -fcyclomatic-complexity -MMD -MP -MF"Core/Src/main.d" -MT"Core/Src/main.o" --specs=nano.specs -mfpu=fpv4-sp-d16 -mfloat-abi=hard -mthumb -o "Core/Src/main.o"
In file included from ../Core/Src/main.c:27:
../Core/Inc/ComSystem.h:52:1: warning: parameter names (without types) in function declaration
   52 | void vComSystemInit(pTelemetryData,pStateEstimate,pMotorCommands);
      | ^~~~
../Core/Src/main.c: In function 'main':
../Core/Src/main.c:97:3: warning: implicit declaration of function 'MX_I2C1_Init'; did you mean 'MX_I2C2_Init'? [-Wimplicit-function-declaration]
   97 |   MX_I2C1_Init();
      |   ^~~~~~~~~~~~
      |   MX_I2C2_Init
arm-none-eabi-gcc -o "Autonomous_Cart.elf" @"objects.list"   -mcpu=cortex-m4 -T"C:\Users\njsne\OneDrive\Documentos\ES070\Autonomous-Cart\FIRMWARE\Autonomous_Cart\STM32G474RETX_FLASH.ld" --specs=nosys.specs -Wl,-Map="Autonomous_Cart.map" -Wl,--gc-sections -static --specs=nano.specs -mfpu=fpv4-sp-d16 -mfloat-abi=hard -mthumb -Wl,--start-group -lc -lm -Wl,--end-group
C:/ST/STM32CubeIDE_1.16.0/STM32CubeIDE/plugins/com.st.stm32cube.ide.mcu.externaltools.gnu-tools-for-stm32.12.3.rel1.win32_1.0.200.202406191623/tools/bin/../lib/gcc/arm-none-eabi/12.3.1/../../../../arm-none-eabi/bin/ld.exe: warning: Autonomous_Cart.elf has a LOAD segment with RWX permissions
C:/ST/STM32CubeIDE_1.16.0/STM32CubeIDE/plugins/com.st.stm32cube.ide.mcu.externaltools.gnu-tools-for-stm32.12.3.rel1.win32_1.0.200.202406191623/tools/bin/../lib/gcc/arm-none-eabi/12.3.1/../../../../arm-none-eabi/bin/ld.exe: ./Core/Src/main.o: in function `main':
C:/Users/njsne/OneDrive/Documentos/ES070/Autonomous-Cart/FIRMWARE/Autonomous_Cart/Debug/../Core/Src/main.c:97: undefined reference to `MX_I2C1_Init'
collect2.exe: error: ld returned 1 exit status
make: *** [makefile:64: Autonomous_Cart.elf] Error 1
"make -j16 all" terminated with exit code 2. Build might be incomplete.
15:00:34 **** Incremental Build of configuration Debug for project Autonomous_Cart ****
make -j16 all 
arm-none-eabi-gcc "../Core/Src/main.c" -mcpu=cortex-m4 -std=gnu11 -g3 -DDEBUG -DUSE_HAL_DRIVER -DSTM32G474xx -c -I../Core/Inc -I../Drivers/STM32G4xx_HAL_Driver/Inc -I../Drivers/STM32G4xx_HAL_Driver/Inc/Legacy -I../Drivers/CMSIS/Device/ST/STM32G4xx/Include -I../Drivers/CMSIS/Include -O0 -ffunction-sections -fdata-sections -Wall -fstack-usage -fcyclomatic-complexity -MMD -MP -MF"Core/Src/main.d" -MT"Core/Src/main.o" --specs=nano.specs -mfpu=fpv4-sp-d16 -mfloat-abi=hard -mthumb -o "Core/Src/main.o"
In file included from ../Core/Src/main.c:27:
../Core/Inc/ComSystem.h:52:1: warning: parameter names (without types) in function declaration
   52 | void vComSystemInit(pTelemetryData,pStateEstimate,pMotorCommands);
      | ^~~~
arm-none-eabi-gcc -o "Autonomous_Cart.elf" @"objects.list"   -mcpu=cortex-m4 -T"C:\Users\njsne\OneDrive\Documentos\ES070\Autonomous-Cart\FIRMWARE\Autonomous_Cart\STM32G474RETX_FLASH.ld" --specs=nosys.specs -Wl,-Map="Autonomous_Cart.map" -Wl,--gc-sections -static --specs=nano.specs -mfpu=fpv4-sp-d16 -mfloat-abi=hard -mthumb -Wl,--start-group -lc -lm -Wl,--end-group
C:/ST/STM32CubeIDE_1.16.0/STM32CubeIDE/plugins/com.st.stm32cube.ide.mcu.externaltools.gnu-tools-for-stm32.12.3.rel1.win32_1.0.200.202406191623/tools/bin/../lib/gcc/arm-none-eabi/12.3.1/../../../../arm-none-eabi/bin/ld.exe: warning: Autonomous_Cart.elf has a LOAD segment with RWX permissions
Finished building target: Autonomous_Cart.elf
 
arm-none-eabi-size  Autonomous_Cart.elf 
arm-none-eabi-objdump -h -S Autonomous_Cart.elf  > "Autonomous_Cart.list"
   text	   data	    bss	    dec	    hex	filename
  28680	     20	   3100	  31800	   7c38	Autonomous_Cart.elf
Finished building: default.size.stdout
 
Finished building: Autonomous_Cart.list
 
15:00:47 **** Incremental Build of configuration Debug for project Autonomous_Cart ****
make -j16 all 
arm-none-eabi-size  Autonomous_Cart.elf 
   text	   data	    bss	    dec	    hex	filename
  28680	     20	   3100	  31800	   7c38	Autonomous_Cart.elf
Finished building: default.size.stdout
 
15:02:51 **** Incremental Build of configuration Debug for project Autonomous_Cart ****
make -j16 all 
arm-none-eabi-size  Autonomous_Cart.elf 
   text	   data	    bss	    dec	    hex	filename
  28680	     20	   3100	  31800	   7c38	Autonomous_Cart.elf
Finished building: default.size.stdout
 
15:04:16 **** Incremental Build of configuration Debug for project Autonomous_Cart ****
make -j16 all 
arm-none-eabi-gcc "../Core/Src/main.c" -mcpu=cortex-m4 -std=gnu11 -g3 -DDEBUG -DUSE_HAL_DRIVER -DSTM32G474xx -c -I../Core/Inc -I../Drivers/STM32G4xx_HAL_Driver/Inc -I../Drivers/STM32G4xx_HAL_Driver/Inc/Legacy -I../Drivers/CMSIS/Device/ST/STM32G4xx/Include -I../Drivers/CMSIS/Include -O0 -ffunction-sections -fdata-sections -Wall -fstack-usage -fcyclomatic-complexity -MMD -MP -MF"Core/Src/main.d" -MT"Core/Src/main.o" --specs=nano.specs -mfpu=fpv4-sp-d16 -mfloat-abi=hard -mthumb -o "Core/Src/main.o"
In file included from ../Core/Src/main.c:27:
../Core/Inc/ComSystem.h:52:1: warning: parameter names (without types) in function declaration
   52 | void vComSystemInit(pTelemetryData,pStateEstimate,pMotorCommands);
      | ^~~~
arm-none-eabi-gcc -o "Autonomous_Cart.elf" @"objects.list"   -mcpu=cortex-m4 -T"C:\Users\njsne\OneDrive\Documentos\ES070\Autonomous-Cart\FIRMWARE\Autonomous_Cart\STM32G474RETX_FLASH.ld" --specs=nosys.specs -Wl,-Map="Autonomous_Cart.map" -Wl,--gc-sections -static --specs=nano.specs -mfpu=fpv4-sp-d16 -mfloat-abi=hard -mthumb -Wl,--start-group -lc -lm -Wl,--end-group
C:/ST/STM32CubeIDE_1.16.0/STM32CubeIDE/plugins/com.st.stm32cube.ide.mcu.externaltools.gnu-tools-for-stm32.12.3.rel1.win32_1.0.200.202406191623/tools/bin/../lib/gcc/arm-none-eabi/12.3.1/../../../../arm-none-eabi/bin/ld.exe: warning: Autonomous_Cart.elf has a LOAD segment with RWX permissions
Finished building target: Autonomous_Cart.elf
 
arm-none-eabi-size  Autonomous_Cart.elf 
arm-none-eabi-objdump -h -S Autonomous_Cart.elf  > "Autonomous_Cart.list"
   text	   data	    bss	    dec	    hex	filename
  28580	     20	   3100	  31700	   7bd4	Autonomous_Cart.elf
Finished building: default.size.stdout
 
Finished building: Autonomous_Cart.list
 
15:09:08 **** Incremental Build of configuration Debug for project Autonomous_Cart ****
make -j16 all 
arm-none-eabi-gcc "../Core/Src/LineSensorSystem.c" -mcpu=cortex-m4 -std=gnu11 -g3 -DDEBUG -DUSE_HAL_DRIVER -DSTM32G474xx -c -I../Core/Inc -I../Drivers/STM32G4xx_HAL_Driver/Inc -I../Drivers/STM32G4xx_HAL_Driver/Inc/Legacy -I../Drivers/CMSIS/Device/ST/STM32G4xx/Include -I../Drivers/CMSIS/Include -O0 -ffunction-sections -fdata-sections -Wall -fstack-usage -fcyclomatic-complexity -MMD -MP -MF"Core/Src/LineSensorSystem.d" -MT"Core/Src/LineSensorSystem.o" --specs=nano.specs -mfpu=fpv4-sp-d16 -mfloat-abi=hard -mthumb -o "Core/Src/LineSensorSystem.o"
arm-none-eabi-gcc "../Core/Src/main.c" -mcpu=cortex-m4 -std=gnu11 -g3 -DDEBUG -DUSE_HAL_DRIVER -DSTM32G474xx -c -I../Core/Inc -I../Drivers/STM32G4xx_HAL_Driver/Inc -I../Drivers/STM32G4xx_HAL_Driver/Inc/Legacy -I../Drivers/CMSIS/Device/ST/STM32G4xx/Include -I../Drivers/CMSIS/Include -O0 -ffunction-sections -fdata-sections -Wall -fstack-usage -fcyclomatic-complexity -MMD -MP -MF"Core/Src/main.d" -MT"Core/Src/main.o" --specs=nano.specs -mfpu=fpv4-sp-d16 -mfloat-abi=hard -mthumb -o "Core/Src/main.o"
In file included from ../Core/Src/main.c:27:
../Core/Inc/ComSystem.h:52:1: warning: parameter names (without types) in function declaration
   52 | void vComSystemInit(pTelemetryData,pStateEstimate,pMotorCommands);
      | ^~~~
arm-none-eabi-gcc -o "Autonomous_Cart.elf" @"objects.list"   -mcpu=cortex-m4 -T"C:\Users\njsne\OneDrive\Documentos\ES070\Autonomous-Cart\FIRMWARE\Autonomous_Cart\STM32G474RETX_FLASH.ld" --specs=nosys.specs -Wl,-Map="Autonomous_Cart.map" -Wl,--gc-sections -static --specs=nano.specs -mfpu=fpv4-sp-d16 -mfloat-abi=hard -mthumb -Wl,--start-group -lc -lm -Wl,--end-group
C:/ST/STM32CubeIDE_1.16.0/STM32CubeIDE/plugins/com.st.stm32cube.ide.mcu.externaltools.gnu-tools-for-stm32.12.3.rel1.win32_1.0.200.202406191623/tools/bin/../lib/gcc/arm-none-eabi/12.3.1/../../../../arm-none-eabi/bin/ld.exe: warning: Autonomous_Cart.elf has a LOAD segment with RWX permissions
Finished building target: Autonomous_Cart.elf
 
arm-none-eabi-size  Autonomous_Cart.elf 
arm-none-eabi-objdump -h -S Autonomous_Cart.elf  > "Autonomous_Cart.list"
   text	   data	    bss	    dec	    hex	filename
  28704	     20	   3124	  31848	   7c68	Autonomous_Cart.elf
Finished building: default.size.stdout
 
Finished building: Autonomous_Cart.list
 
15:11:49 **** Incremental Build of configuration Debug for project Autonomous_Cart ****
make -j16 all 
arm-none-eabi-gcc "../Core/Src/LineSensorSystem.c" -mcpu=cortex-m4 -std=gnu11 -g3 -DDEBUG -DUSE_HAL_DRIVER -DSTM32G474xx -c -I../Core/Inc -I../Drivers/STM32G4xx_HAL_Driver/Inc -I../Drivers/STM32G4xx_HAL_Driver/Inc/Legacy -I../Drivers/CMSIS/Device/ST/STM32G4xx/Include -I../Drivers/CMSIS/Include -O0 -ffunction-sections -fdata-sections -Wall -fstack-usage -fcyclomatic-complexity -MMD -MP -MF"Core/Src/LineSensorSystem.d" -MT"Core/Src/LineSensorSystem.o" --specs=nano.specs -mfpu=fpv4-sp-d16 -mfloat-abi=hard -mthumb -o "Core/Src/LineSensorSystem.o"
arm-none-eabi-gcc "../Core/Src/main.c" -mcpu=cortex-m4 -std=gnu11 -g3 -DDEBUG -DUSE_HAL_DRIVER -DSTM32G474xx -c -I../Core/Inc -I../Drivers/STM32G4xx_HAL_Driver/Inc -I../Drivers/STM32G4xx_HAL_Driver/Inc/Legacy -I../Drivers/CMSIS/Device/ST/STM32G4xx/Include -I../Drivers/CMSIS/Include -O0 -ffunction-sections -fdata-sections -Wall -fstack-usage -fcyclomatic-complexity -MMD -MP -MF"Core/Src/main.d" -MT"Core/Src/main.o" --specs=nano.specs -mfpu=fpv4-sp-d16 -mfloat-abi=hard -mthumb -o "Core/Src/main.o"
In file included from ../Core/Src/main.c:27:
../Core/Inc/ComSystem.h:52:1: warning: parameter names (without types) in function declaration
   52 | void vComSystemInit(pTelemetryData,pStateEstimate,pMotorCommands);
      | ^~~~
arm-none-eabi-gcc -o "Autonomous_Cart.elf" @"objects.list"   -mcpu=cortex-m4 -T"C:\Users\njsne\OneDrive\Documentos\ES070\Autonomous-Cart\FIRMWARE\Autonomous_Cart\STM32G474RETX_FLASH.ld" --specs=nosys.specs -Wl,-Map="Autonomous_Cart.map" -Wl,--gc-sections -static --specs=nano.specs -mfpu=fpv4-sp-d16 -mfloat-abi=hard -mthumb -Wl,--start-group -lc -lm -Wl,--end-group
C:/ST/STM32CubeIDE_1.16.0/STM32CubeIDE/plugins/com.st.stm32cube.ide.mcu.externaltools.gnu-tools-for-stm32.12.3.rel1.win32_1.0.200.202406191623/tools/bin/../lib/gcc/arm-none-eabi/12.3.1/../../../../arm-none-eabi/bin/ld.exe: warning: Autonomous_Cart.elf has a LOAD segment with RWX permissions
Finished building target: Autonomous_Cart.elf
 
arm-none-eabi-size  Autonomous_Cart.elf 
arm-none-eabi-objdump -h -S Autonomous_Cart.elf  > "Autonomous_Cart.list"
   text	   data	    bss	    dec	    hex	filename
  28880	     20	   3124	  32024	   7d18	Autonomous_Cart.elf
Finished building: default.size.stdout
 
Finished building: Autonomous_Cart.list
 
15:12:29 **** Incremental Build of configuration Debug for project Autonomous_Cart ****
make -j16 all 
arm-none-eabi-size  Autonomous_Cart.elf 
   text	   data	    bss	    dec	    hex	filename
  28880	     20	   3124	  32024	   7d18	Autonomous_Cart.elf
Finished building: default.size.stdout
 
15:15:47 **** Incremental Build of configuration Debug for project Autonomous_Cart ****
make -j16 all 
arm-none-eabi-size  Autonomous_Cart.elf 
   text	   data	    bss	    dec	    hex	filename
  28880	     20	   3124	  32024	   7d18	Autonomous_Cart.elf
Finished building: default.size.stdout
 
15:16:42 **** Incremental Build of configuration Debug for project Autonomous_Cart ****
make -j16 all 
arm-none-eabi-gcc "../Core/Src/LineSensorSystem.c" -mcpu=cortex-m4 -std=gnu11 -g3 -DDEBUG -DUSE_HAL_DRIVER -DSTM32G474xx -c -I../Core/Inc -I../Drivers/STM32G4xx_HAL_Driver/Inc -I../Drivers/STM32G4xx_HAL_Driver/Inc/Legacy -I../Drivers/CMSIS/Device/ST/STM32G4xx/Include -I../Drivers/CMSIS/Include -O0 -ffunction-sections -fdata-sections -Wall -fstack-usage -fcyclomatic-complexity -MMD -MP -MF"Core/Src/LineSensorSystem.d" -MT"Core/Src/LineSensorSystem.o" --specs=nano.specs -mfpu=fpv4-sp-d16 -mfloat-abi=hard -mthumb -o "Core/Src/LineSensorSystem.o"
arm-none-eabi-gcc -o "Autonomous_Cart.elf" @"objects.list"   -mcpu=cortex-m4 -T"C:\Users\njsne\OneDrive\Documentos\ES070\Autonomous-Cart\FIRMWARE\Autonomous_Cart\STM32G474RETX_FLASH.ld" --specs=nosys.specs -Wl,-Map="Autonomous_Cart.map" -Wl,--gc-sections -static --specs=nano.specs -mfpu=fpv4-sp-d16 -mfloat-abi=hard -mthumb -Wl,--start-group -lc -lm -Wl,--end-group
C:/ST/STM32CubeIDE_1.16.0/STM32CubeIDE/plugins/com.st.stm32cube.ide.mcu.externaltools.gnu-tools-for-stm32.12.3.rel1.win32_1.0.200.202406191623/tools/bin/../lib/gcc/arm-none-eabi/12.3.1/../../../../arm-none-eabi/bin/ld.exe: warning: Autonomous_Cart.elf has a LOAD segment with RWX permissions
Finished building target: Autonomous_Cart.elf
 
arm-none-eabi-size  Autonomous_Cart.elf 
arm-none-eabi-objdump -h -S Autonomous_Cart.elf  > "Autonomous_Cart.list"
   text	   data	    bss	    dec	    hex	filename
  28876	     20	   3116	  32012	   7d0c	Autonomous_Cart.elf
Finished building: default.size.stdout
 
Finished building: Autonomous_Cart.list
 
15:17:13 **** Incremental Build of configuration Debug for project Autonomous_Cart ****
make -j16 all 
arm-none-eabi-size  Autonomous_Cart.elf 
   text	   data	    bss	    dec	    hex	filename
  28876	     20	   3116	  32012	   7d0c	Autonomous_Cart.elf
Finished building: default.size.stdout
 
19:14:02 **** Incremental Build of configuration Debug for project Autonomous_Cart ****
make -j16 all 
arm-none-eabi-gcc "../Core/Src/main.c" -mcpu=cortex-m4 -std=gnu11 -g3 -DDEBUG -DUSE_HAL_DRIVER -DSTM32G474xx -c -I../Core/Inc -I../Drivers/STM32G4xx_HAL_Driver/Inc -I../Drivers/STM32G4xx_HAL_Driver/Inc/Legacy -I../Drivers/CMSIS/Device/ST/STM32G4xx/Include -I../Drivers/CMSIS/Include -O0 -ffunction-sections -fdata-sections -Wall -fstack-usage -fcyclomatic-complexity -MMD -MP -MF"Core/Src/main.d" -MT"Core/Src/main.o" --specs=nano.specs -mfpu=fpv4-sp-d16 -mfloat-abi=hard -mthumb -o "Core/Src/main.o"
../Core/Src/main.c: In function 'main':
../Core/Src/main.c:106:3: warning: implicit declaration of function 'vPowerTrainSystemInit' [-Wimplicit-function-declaration]
  106 |   vPowerTrainSystemInit();
      |   ^~~~~~~~~~~~~~~~~~~~~
../Core/Src/main.c:115:11: warning: implicit declaration of function 'vPowerTrainSystemSetMotorDirection' [-Wimplicit-function-declaration]
  115 |           vPowerTrainSystemSetMotorDirection(LEFT_MOTOR, CLOCKWISE);
      |           ^~~~~~~~~~~~~~~~~~~~~~~~~~~~~~~~~~
../Core/Src/main.c:115:46: error: 'LEFT_MOTOR' undeclared (first use in this function)
  115 |           vPowerTrainSystemSetMotorDirection(LEFT_MOTOR, CLOCKWISE);
      |                                              ^~~~~~~~~~
../Core/Src/main.c:115:46: note: each undeclared identifier is reported only once for each function it appears in
../Core/Src/main.c:115:58: error: 'CLOCKWISE' undeclared (first use in this function)
  115 |           vPowerTrainSystemSetMotorDirection(LEFT_MOTOR, CLOCKWISE);
      |                                                          ^~~~~~~~~
../Core/Src/main.c:116:46: error: 'RIGHT_MOTOR' undeclared (first use in this function)
  116 |           vPowerTrainSystemSetMotorDirection(RIGHT_MOTOR, COUNTER_CLOCKWISE);
      |                                              ^~~~~~~~~~~
../Core/Src/main.c:116:59: error: 'COUNTER_CLOCKWISE' undeclared (first use in this function)
  116 |           vPowerTrainSystemSetMotorDirection(RIGHT_MOTOR, COUNTER_CLOCKWISE);
      |                                                           ^~~~~~~~~~~~~~~~~
../Core/Src/main.c:118:11: warning: implicit declaration of function 'vPowerTrainSystemSetMotorSpeed' [-Wimplicit-function-declaration]
  118 |           vPowerTrainSystemSetMotorSpeed(LEFT_MOTOR,1000);
      |           ^~~~~~~~~~~~~~~~~~~~~~~~~~~~~~
make: *** [Core/Src/subdir.mk:64: Core/Src/main.o] Error 1
"make -j16 all" terminated with exit code 2. Build might be incomplete.
19:15:39 **** Incremental Build of configuration Debug for project Autonomous_Cart ****
make -j16 all 
arm-none-eabi-gcc "../Core/Src/main.c" -mcpu=cortex-m4 -std=gnu11 -g3 -DDEBUG -DUSE_HAL_DRIVER -DSTM32G474xx -c -I../Core/Inc -I../Drivers/STM32G4xx_HAL_Driver/Inc -I../Drivers/STM32G4xx_HAL_Driver/Inc/Legacy -I../Drivers/CMSIS/Device/ST/STM32G4xx/Include -I../Drivers/CMSIS/Include -O0 -ffunction-sections -fdata-sections -Wall -fstack-usage -fcyclomatic-complexity -MMD -MP -MF"Core/Src/main.d" -MT"Core/Src/main.o" --specs=nano.specs -mfpu=fpv4-sp-d16 -mfloat-abi=hard -mthumb -o "Core/Src/main.o"
In file included from ../Core/Src/main.c:29:
../Core/Inc/ComSystem.h:52:1: warning: parameter names (without types) in function declaration
   52 | void vComSystemInit(pTelemetryData,pStateEstimate,pMotorCommands);
      | ^~~~
../Core/Src/main.c:30:10: fatal error: encoderSytem.h: No such file or directory
   30 | #include "encoderSytem.h"
      |          ^~~~~~~~~~~~~~~~
compilation terminated.
make: *** [Core/Src/subdir.mk:64: Core/Src/main.o] Error 1
"make -j16 all" terminated with exit code 2. Build might be incomplete.
19:15:46 **** Incremental Build of configuration Debug for project Autonomous_Cart ****
make -j16 all 
arm-none-eabi-gcc "../Core/Src/main.c" -mcpu=cortex-m4 -std=gnu11 -g3 -DDEBUG -DUSE_HAL_DRIVER -DSTM32G474xx -c -I../Core/Inc -I../Drivers/STM32G4xx_HAL_Driver/Inc -I../Drivers/STM32G4xx_HAL_Driver/Inc/Legacy -I../Drivers/CMSIS/Device/ST/STM32G4xx/Include -I../Drivers/CMSIS/Include -O0 -ffunction-sections -fdata-sections -Wall -fstack-usage -fcyclomatic-complexity -MMD -MP -MF"Core/Src/main.d" -MT"Core/Src/main.o" --specs=nano.specs -mfpu=fpv4-sp-d16 -mfloat-abi=hard -mthumb -o "Core/Src/main.o"
In file included from ../Core/Src/main.c:29:
../Core/Inc/ComSystem.h:52:1: warning: parameter names (without types) in function declaration
   52 | void vComSystemInit(pTelemetryData,pStateEstimate,pMotorCommands);
      | ^~~~
arm-none-eabi-gcc -o "Autonomous_Cart.elf" @"objects.list"   -mcpu=cortex-m4 -T"C:\Users\njsne\OneDrive\Documentos\ES070\Autonomous-Cart\FIRMWARE\Autonomous_Cart\STM32G474RETX_FLASH.ld" --specs=nosys.specs -Wl,-Map="Autonomous_Cart.map" -Wl,--gc-sections -static --specs=nano.specs -mfpu=fpv4-sp-d16 -mfloat-abi=hard -mthumb -Wl,--start-group -lc -lm -Wl,--end-group
C:/ST/STM32CubeIDE_1.16.0/STM32CubeIDE/plugins/com.st.stm32cube.ide.mcu.externaltools.gnu-tools-for-stm32.12.3.rel1.win32_1.0.200.202406191623/tools/bin/../lib/gcc/arm-none-eabi/12.3.1/../../../../arm-none-eabi/bin/ld.exe: warning: Autonomous_Cart.elf has a LOAD segment with RWX permissions
Finished building target: Autonomous_Cart.elf
 
arm-none-eabi-size  Autonomous_Cart.elf 
arm-none-eabi-objdump -h -S Autonomous_Cart.elf  > "Autonomous_Cart.list"
   text	   data	    bss	    dec	    hex	filename
  28632	     20	   3324	  31976	   7ce8	Autonomous_Cart.elf
Finished building: default.size.stdout
 
Finished building: Autonomous_Cart.list
 
19:20:14 **** Incremental Build of configuration Debug for project Autonomous_Cart ****
make -j16 all 
arm-none-eabi-size  Autonomous_Cart.elf 
   text	   data	    bss	    dec	    hex	filename
  28632	     20	   3324	  31976	   7ce8	Autonomous_Cart.elf
Finished building: default.size.stdout
 
19:48:36 **** Incremental Build of configuration Debug for project Autonomous_Cart ****
make -j16 all 
arm-none-eabi-gcc "../Core/Src/LineSensorSystem.c" -mcpu=cortex-m4 -std=gnu11 -g3 -DDEBUG -DUSE_HAL_DRIVER -DSTM32G474xx -c -I../Core/Inc -I../Drivers/STM32G4xx_HAL_Driver/Inc -I../Drivers/STM32G4xx_HAL_Driver/Inc/Legacy -I../Drivers/CMSIS/Device/ST/STM32G4xx/Include -I../Drivers/CMSIS/Include -O0 -ffunction-sections -fdata-sections -Wall -fstack-usage -fcyclomatic-complexity -MMD -MP -MF"Core/Src/LineSensorSystem.d" -MT"Core/Src/LineSensorSystem.o" --specs=nano.specs -mfpu=fpv4-sp-d16 -mfloat-abi=hard -mthumb -o "Core/Src/LineSensorSystem.o"
arm-none-eabi-gcc "../Core/Src/main.c" -mcpu=cortex-m4 -std=gnu11 -g3 -DDEBUG -DUSE_HAL_DRIVER -DSTM32G474xx -c -I../Core/Inc -I../Drivers/STM32G4xx_HAL_Driver/Inc -I../Drivers/STM32G4xx_HAL_Driver/Inc/Legacy -I../Drivers/CMSIS/Device/ST/STM32G4xx/Include -I../Drivers/CMSIS/Include -O0 -ffunction-sections -fdata-sections -Wall -fstack-usage -fcyclomatic-complexity -MMD -MP -MF"Core/Src/main.d" -MT"Core/Src/main.o" --specs=nano.specs -mfpu=fpv4-sp-d16 -mfloat-abi=hard -mthumb -o "Core/Src/main.o"
In file included from ../Core/Src/main.c:29:
../Core/Inc/ComSystem.h:52:1: warning: parameter names (without types) in function declaration
   52 | void vComSystemInit(pTelemetryData,pStateEstimate,pMotorCommands);
      | ^~~~
../Core/Src/main.c: In function 'main':
../Core/Src/main.c:111:3: warning: implicit declaration of function 'vLineSensorsInit'; did you mean 'LineSensorSystemInit'? [-Wimplicit-function-declaration]
  111 |   vLineSensorsInit()
      |   ^~~~~~~~~~~~~~~~
      |   LineSensorSystemInit
../Core/Src/main.c:111:21: error: expected ';' before 'while'
  111 |   vLineSensorsInit()
      |                     ^
      |                     ;
......
  117 |   while (1)
      |   ~~~~~              
make: *** [Core/Src/subdir.mk:64: Core/Src/main.o] Error 1
make: *** Waiting for unfinished jobs....
"make -j16 all" terminated with exit code 2. Build might be incomplete.
19:48:53 **** Incremental Build of configuration Debug for project Autonomous_Cart ****
make -j16 all 
arm-none-eabi-gcc "../Core/Src/main.c" -mcpu=cortex-m4 -std=gnu11 -g3 -DDEBUG -DUSE_HAL_DRIVER -DSTM32G474xx -c -I../Core/Inc -I../Drivers/STM32G4xx_HAL_Driver/Inc -I../Drivers/STM32G4xx_HAL_Driver/Inc/Legacy -I../Drivers/CMSIS/Device/ST/STM32G4xx/Include -I../Drivers/CMSIS/Include -O0 -ffunction-sections -fdata-sections -Wall -fstack-usage -fcyclomatic-complexity -MMD -MP -MF"Core/Src/main.d" -MT"Core/Src/main.o" --specs=nano.specs -mfpu=fpv4-sp-d16 -mfloat-abi=hard -mthumb -o "Core/Src/main.o"
In file included from ../Core/Src/main.c:29:
../Core/Inc/ComSystem.h:52:1: warning: parameter names (without types) in function declaration
   52 | void vComSystemInit(pTelemetryData,pStateEstimate,pMotorCommands);
      | ^~~~
../Core/Src/main.c: In function 'main':
../Core/Src/main.c:111:3: warning: implicit declaration of function 'vLineSensorsInit'; did you mean 'LineSensorSystemInit'? [-Wimplicit-function-declaration]
  111 |   vLineSensorsInit(pLineSensorsReadings);
      |   ^~~~~~~~~~~~~~~~
      |   LineSensorSystemInit
arm-none-eabi-gcc -o "Autonomous_Cart.elf" @"objects.list"   -mcpu=cortex-m4 -T"C:\Users\njsne\OneDrive\Documentos\ES070\Autonomous-Cart\FIRMWARE\Autonomous_Cart\STM32G474RETX_FLASH.ld" --specs=nosys.specs -Wl,-Map="Autonomous_Cart.map" -Wl,--gc-sections -static --specs=nano.specs -mfpu=fpv4-sp-d16 -mfloat-abi=hard -mthumb -Wl,--start-group -lc -lm -Wl,--end-group
C:/ST/STM32CubeIDE_1.16.0/STM32CubeIDE/plugins/com.st.stm32cube.ide.mcu.externaltools.gnu-tools-for-stm32.12.3.rel1.win32_1.0.200.202406191623/tools/bin/../lib/gcc/arm-none-eabi/12.3.1/../../../../arm-none-eabi/bin/ld.exe: warning: Autonomous_Cart.elf has a LOAD segment with RWX permissions
C:/ST/STM32CubeIDE_1.16.0/STM32CubeIDE/plugins/com.st.stm32cube.ide.mcu.externaltools.gnu-tools-for-stm32.12.3.rel1.win32_1.0.200.202406191623/tools/bin/../lib/gcc/arm-none-eabi/12.3.1/../../../../arm-none-eabi/bin/ld.exe: ./Core/Src/main.o: in function `main':
C:/Users/njsne/OneDrive/Documentos/ES070/Autonomous-Cart/FIRMWARE/Autonomous_Cart/Debug/../Core/Src/main.c:111: undefined reference to `vLineSensorsInit'
collect2.exe: error: ld returned 1 exit status
make: *** [makefile:64: Autonomous_Cart.elf] Error 1
"make -j16 all" terminated with exit code 2. Build might be incomplete.
19:49:13 **** Incremental Build of configuration Debug for project Autonomous_Cart ****
make -j16 all 
arm-none-eabi-gcc "../Core/Src/LineSensorSystem.c" -mcpu=cortex-m4 -std=gnu11 -g3 -DDEBUG -DUSE_HAL_DRIVER -DSTM32G474xx -c -I../Core/Inc -I../Drivers/STM32G4xx_HAL_Driver/Inc -I../Drivers/STM32G4xx_HAL_Driver/Inc/Legacy -I../Drivers/CMSIS/Device/ST/STM32G4xx/Include -I../Drivers/CMSIS/Include -O0 -ffunction-sections -fdata-sections -Wall -fstack-usage -fcyclomatic-complexity -MMD -MP -MF"Core/Src/LineSensorSystem.d" -MT"Core/Src/LineSensorSystem.o" --specs=nano.specs -mfpu=fpv4-sp-d16 -mfloat-abi=hard -mthumb -o "Core/Src/LineSensorSystem.o"
arm-none-eabi-gcc "../Core/Src/main.c" -mcpu=cortex-m4 -std=gnu11 -g3 -DDEBUG -DUSE_HAL_DRIVER -DSTM32G474xx -c -I../Core/Inc -I../Drivers/STM32G4xx_HAL_Driver/Inc -I../Drivers/STM32G4xx_HAL_Driver/Inc/Legacy -I../Drivers/CMSIS/Device/ST/STM32G4xx/Include -I../Drivers/CMSIS/Include -O0 -ffunction-sections -fdata-sections -Wall -fstack-usage -fcyclomatic-complexity -MMD -MP -MF"Core/Src/main.d" -MT"Core/Src/main.o" --specs=nano.specs -mfpu=fpv4-sp-d16 -mfloat-abi=hard -mthumb -o "Core/Src/main.o"
In file included from ../Core/Src/main.c:29:
../Core/Inc/ComSystem.h:52:1: warning: parameter names (without types) in function declaration
   52 | void vComSystemInit(pTelemetryData,pStateEstimate,pMotorCommands);
      | ^~~~
../Core/Src/main.c: In function 'main':
../Core/Src/main.c:111:3: warning: implicit declaration of function 'vLineSensorsInit'; did you mean 'vLineSensorSystemInit'? [-Wimplicit-function-declaration]
  111 |   vLineSensorsInit(pLineSensorsReadings);
      |   ^~~~~~~~~~~~~~~~
      |   vLineSensorSystemInit
arm-none-eabi-gcc -o "Autonomous_Cart.elf" @"objects.list"   -mcpu=cortex-m4 -T"C:\Users\njsne\OneDrive\Documentos\ES070\Autonomous-Cart\FIRMWARE\Autonomous_Cart\STM32G474RETX_FLASH.ld" --specs=nosys.specs -Wl,-Map="Autonomous_Cart.map" -Wl,--gc-sections -static --specs=nano.specs -mfpu=fpv4-sp-d16 -mfloat-abi=hard -mthumb -Wl,--start-group -lc -lm -Wl,--end-group
C:/ST/STM32CubeIDE_1.16.0/STM32CubeIDE/plugins/com.st.stm32cube.ide.mcu.externaltools.gnu-tools-for-stm32.12.3.rel1.win32_1.0.200.202406191623/tools/bin/../lib/gcc/arm-none-eabi/12.3.1/../../../../arm-none-eabi/bin/ld.exe: warning: Autonomous_Cart.elf has a LOAD segment with RWX permissions
C:/ST/STM32CubeIDE_1.16.0/STM32CubeIDE/plugins/com.st.stm32cube.ide.mcu.externaltools.gnu-tools-for-stm32.12.3.rel1.win32_1.0.200.202406191623/tools/bin/../lib/gcc/arm-none-eabi/12.3.1/../../../../arm-none-eabi/bin/ld.exe: ./Core/Src/main.o: in function `main':
C:/Users/njsne/OneDrive/Documentos/ES070/Autonomous-Cart/FIRMWARE/Autonomous_Cart/Debug/../Core/Src/main.c:111: undefined reference to `vLineSensorsInit'
collect2.exe: error: ld returned 1 exit status
make: *** [makefile:64: Autonomous_Cart.elf] Error 1
"make -j16 all" terminated with exit code 2. Build might be incomplete.
19:49:49 **** Incremental Build of configuration Debug for project Autonomous_Cart ****
make -j16 all 
arm-none-eabi-gcc "../Core/Src/main.c" -mcpu=cortex-m4 -std=gnu11 -g3 -DDEBUG -DUSE_HAL_DRIVER -DSTM32G474xx -c -I../Core/Inc -I../Drivers/STM32G4xx_HAL_Driver/Inc -I../Drivers/STM32G4xx_HAL_Driver/Inc/Legacy -I../Drivers/CMSIS/Device/ST/STM32G4xx/Include -I../Drivers/CMSIS/Include -O0 -ffunction-sections -fdata-sections -Wall -fstack-usage -fcyclomatic-complexity -MMD -MP -MF"Core/Src/main.d" -MT"Core/Src/main.o" --specs=nano.specs -mfpu=fpv4-sp-d16 -mfloat-abi=hard -mthumb -o "Core/Src/main.o"
In file included from ../Core/Src/main.c:29:
../Core/Inc/ComSystem.h:52:1: warning: parameter names (without types) in function declaration
   52 | void vComSystemInit(pTelemetryData,pStateEstimate,pMotorCommands);
      | ^~~~
arm-none-eabi-gcc -o "Autonomous_Cart.elf" @"objects.list"   -mcpu=cortex-m4 -T"C:\Users\njsne\OneDrive\Documentos\ES070\Autonomous-Cart\FIRMWARE\Autonomous_Cart\STM32G474RETX_FLASH.ld" --specs=nosys.specs -Wl,-Map="Autonomous_Cart.map" -Wl,--gc-sections -static --specs=nano.specs -mfpu=fpv4-sp-d16 -mfloat-abi=hard -mthumb -Wl,--start-group -lc -lm -Wl,--end-group
C:/ST/STM32CubeIDE_1.16.0/STM32CubeIDE/plugins/com.st.stm32cube.ide.mcu.externaltools.gnu-tools-for-stm32.12.3.rel1.win32_1.0.200.202406191623/tools/bin/../lib/gcc/arm-none-eabi/12.3.1/../../../../arm-none-eabi/bin/ld.exe: warning: Autonomous_Cart.elf has a LOAD segment with RWX permissions
Finished building target: Autonomous_Cart.elf
 
arm-none-eabi-size  Autonomous_Cart.elf 
arm-none-eabi-objdump -h -S Autonomous_Cart.elf  > "Autonomous_Cart.list"
   text	   data	    bss	    dec	    hex	filename
  30932	     20	   3348	  34300	   85fc	Autonomous_Cart.elf
Finished building: default.size.stdout
 
Finished building: Autonomous_Cart.list
 
